<?xml version="1.0" encoding="UTF-8"?>
<testsuites name="Mocha Tests" time="0.0000" tests="1" failures="1">
  <testsuite name="Root Suite" timestamp="2020-06-23T19:40:25" tests="0" file="cypress/integration/basic.spec.js" time="0.0000" failures="0">
  </testsuite>
  <testsuite name="suite 1" timestamp="2020-06-23T19:40:25" tests="1" time="0.0000" failures="1">
    <testcase name="suite 1 test1" time="0.0000" classname="test1">
      <failure message="expected &apos;&lt;window&gt;&apos; to equal &apos;42&apos;" type="AssertionError"><![CDATA[AssertionError: expected '<window>' to equal '42'
    at Context.eval (https://allegro.pl/__cypress/tests?p=cypress/integration/basic.spec.js:7:36)]]></failure>
    </testcase>
  </testsuite>
</testsuites>